Processing file: data/vicon/processed\2017-11-22-11-22-03.mat
Processing shoe detector for file: data/vicon/processed\2017-11-22-11-22-03.mat
Applying heuristic filter to optimal ZUPT detector "shoe" for correct stride detection.
Detected 22/22 strides in the experiment 1.
Processing file: data/vicon/processed\2017-11-22-11-22-46.mat
Processing ared detector for file: data/vicon/processed\2017-11-22-11-22-46.mat
Applying heuristic filter to optimal ZUPT detector "ared" for correct stride detection.
Detected 21/21 strides in the experiment 2.
Processing file: data/vicon/processed\2017-11-22-11-23-25.mat
Processing shoe detector for file: data/vicon/processed\2017-11-22-11-23-25.mat
Processing file: data/vicon/processed\2017-11-22-11-22-03.mat
Processing shoe detector for file: data/vicon/processed\2017-11-22-11-22-03.mat
Applying heuristic filter to optimal ZUPT detector "shoe" for correct stride detection.
Detected 22/22 strides in the experiment 1.
Processing file: data/vicon/processed\2017-11-22-11-22-46.mat
Processing ared detector for file: data/vicon/processed\2017-11-22-11-22-46.mat
Applying heuristic filter to optimal ZUPT detector "ared" for correct stride detection.
Detected 21/21 strides in the experiment 2.
Processing file: data/vicon/processed\2017-11-22-11-23-25.mat
Processing shoe detector for file: data/vicon/processed\2017-11-22-11-23-25.mat
Applying heuristic filter to optimal ZUPT detector "shoe" for correct stride detection.
Detected 21/21 strides in the experiment 3.
Processing file: data/vicon/processed\2017-11-22-11-25-20.mat
Processing shoe detector for file: data/vicon/processed\2017-11-22-11-25-20.mat
Applying heuristic filter to optimal ZUPT detector "shoe" for correct stride detection.
Detected 17/18 strides in the experiment 4.
Applying stride detection to the combined zero velocity detection results for experiment 4.
Detected 18/18 strides detected with the combined ZV detector in the experiment 4.
Processing file: data/vicon/processed\2017-11-22-11-26-05.mat
Processing shoe detector for file: data/vicon/processed\2017-11-22-11-26-05.mat
Applying heuristic filter to optimal ZUPT detector "shoe" for correct stride detection.
Detected 26/26 strides in the experiment 5.
Processing file: data/vicon/processed\2017-11-22-11-26-46.mat
Processing ared detector for file: data/vicon/processed\2017-11-22-11-26-46.mat
Applying heuristic filter to optimal ZUPT detector "ared" for correct stride detection.
Detected 23/24 strides in the experiment 6.
Applying stride detection to the combined zero velocity detection results for experiment 6.
Detected 24/24 strides detected with the combined ZV detector in the experiment 6.
Processing file: data/vicon/processed\2017-11-22-11-27-30.mat
Processing shoe detector for file: data/vicon/processed\2017-11-22-11-27-30.mat
Applying heuristic filter to optimal ZUPT detector "shoe" for correct stride detection.
Detected 18/18 strides in the experiment 7.
Processing file: data/vicon/processed\2017-11-22-11-28-03.mat
Processing shoe detector for file: data/vicon/processed\2017-11-22-11-28-03.mat
Applying heuristic filter to optimal ZUPT detector "shoe" for correct stride detection.
Detected 20/20 strides in the experiment 8.
Processing file: data/vicon/processed\2017-11-22-11-28-39.mat
Processing vicon detector for file: data/vicon/processed\2017-11-22-11-28-39.mat
Applying heuristic filter to optimal ZUPT detector "vicon" for correct stride detection.
Detected 28/28 strides in the experiment 9.
Processing file: data/vicon/processed\2017-11-22-11-30-14.mat
Processing shoe detector for file: data/vicon/processed\2017-11-22-11-30-14.mat
Applying heuristic filter to optimal ZUPT detector "shoe" for correct stride detection.
Detected 35/35 strides in the experiment 10.
Processing file: data/vicon/processed\2017-11-22-11-35-59.mat
Processing shoe detector for file: data/vicon/processed\2017-11-22-11-35-59.mat
Applying heuristic filter to optimal ZUPT detector "shoe" for correct stride detection.
Detected 28/29 strides in the experiment 11.
Applying stride detection to the combined zero velocity detection results for experiment 11.
Detected 29/29 strides detected with the combined ZV detector in the experiment 11.
Processing file: data/vicon/processed\2017-11-22-11-36-45.mat
Processing vicon detector for file: data/vicon/processed\2017-11-22-11-36-45.mat
Applying heuristic filter to optimal ZUPT detector "vicon" for correct stride detection.
Detected 22/22 strides in the experiment 12.
Processing file: data/vicon/processed\2017-11-22-11-38-45.mat
Processing shoe detector for file: data/vicon/processed\2017-11-22-11-38-45.mat
Applying heuristic filter to optimal ZUPT detector "shoe" for correct stride detection.
Detected 34/34 strides in the experiment 14.
Processing file: data/vicon/processed\2017-11-22-11-39-47.mat
Processing vicon detector for file: data/vicon/processed\2017-11-22-11-39-47.mat
Applying heuristic filter to optimal ZUPT detector "vicon" for correct stride detection.
Detected 24/24 strides in the experiment 15.
Processing file: data/vicon/processed\2017-11-22-11-40-44.mat
Processing ared detector for file: data/vicon/processed\2017-11-22-11-40-44.mat
Applying heuristic filter to optimal ZUPT detector "ared" for correct stride detection.
Detected 36/36 strides in the experiment 16.
Processing file: data/vicon/processed\2017-11-22-11-44-47.mat
Processing shoe detector for file: data/vicon/processed\2017-11-22-11-44-47.mat
Applying heuristic filter to optimal ZUPT detector "shoe" for correct stride detection.
Detected 20/20 strides in the experiment 17.
Processing file: data/vicon/processed\2017-11-22-11-48-35.mat
Processing shoe detector for file: data/vicon/processed\2017-11-22-11-48-35.mat
Applying heuristic filter to optimal ZUPT detector "shoe" for correct stride detection.
Detected 14/15 strides in the experiment 18.
Applying stride detection to the combined zero velocity detection results for experiment 18.
Detected 15/15 strides detected with the combined ZV detector in the experiment 18.
Processing file: data/vicon/processed\2017-11-22-11-49-03.mat
Processing ared detector for file: data/vicon/processed\2017-11-22-11-49-03.mat
Applying heuristic filter to optimal ZUPT detector "ared" for correct stride detection.
Detected 10/10 strides in the experiment 19.
Processing file: data/vicon/processed\2017-11-22-11-49-29.mat
Processing vicon detector for file: data/vicon/processed\2017-11-22-11-49-29.mat
Applying heuristic filter to optimal ZUPT detector "vicon" for correct stride detection.
Detected 33/33 strides in the experiment 20.
Processing file: data/vicon/processed\2017-11-22-11-50-42.mat
Processing shoe detector for file: data/vicon/processed\2017-11-22-11-50-42.mat
Applying heuristic filter to optimal ZUPT detector "shoe" for correct stride detection.
Detected 22/22 strides in the experiment 21.
Processing file: data/vicon/processed\2017-11-22-11-51-23.mat
Processing shoe detector for file: data/vicon/processed\2017-11-22-11-51-23.mat
Applying heuristic filter to optimal ZUPT detector "shoe" for correct stride detection.
Detected 19/19 strides in the experiment 22.
Processing file: data/vicon/processed\2017-11-22-11-52-02.mat
Processing vicon detector for file: data/vicon/processed\2017-11-22-11-52-02.mat
Applying heuristic filter to optimal ZUPT detector "vicon" for correct stride detection.
Detected 13/13 strides in the experiment 23.
Processing file: data/vicon/processed\2017-11-27-11-11-24.mat
Processing shoe detector for file: data/vicon/processed\2017-11-27-11-11-24.mat
Applying heuristic filter to optimal ZUPT detector "shoe" for correct stride detection.
Detected 16/16 strides in the experiment 24.
Processing file: data/vicon/processed\2017-11-27-11-11-53.mat
Processing vicon detector for file: data/vicon/processed\2017-11-27-11-11-53.mat
Applying heuristic filter to optimal ZUPT detector "vicon" for correct stride detection.
Detected 17/17 strides in the experiment 25.
Processing file: data/vicon/processed\2017-11-27-11-12-18.mat
Processing shoe detector for file: data/vicon/processed\2017-11-27-11-12-18.mat
Applying heuristic filter to optimal ZUPT detector "shoe" for correct stride detection.
Detected 21/21 strides in the experiment 26.
Processing file: data/vicon/processed\2017-11-27-11-12-44.mat
Processing shoe detector for file: data/vicon/processed\2017-11-27-11-12-44.mat
Applying heuristic filter to optimal ZUPT detector "shoe" for correct stride detection.
Detected 16/20 strides in the experiment 27.
Applying stride detection to the combined zero velocity detection results for experiment 27.
Detected 20/20 strides detected with the combined ZV detector in the experiment 27.
Processing file: data/vicon/processed\2017-11-27-11-13-10.mat
Processing shoe detector for file: data/vicon/processed\2017-11-27-11-13-10.mat
Applying heuristic filter to optimal ZUPT detector "shoe" for correct stride detection.
Detected 28/28 strides in the experiment 28.
Processing file: data/vicon/processed\2017-11-27-11-13-41.mat
Processing vicon detector for file: data/vicon/processed\2017-11-27-11-13-41.mat
Applying heuristic filter to optimal ZUPT detector "vicon" for correct stride detection.
Detected 18/18 strides in the experiment 29.
Processing file: data/vicon/processed\2017-11-27-11-14-03.mat
Processing vicon detector for file: data/vicon/processed\2017-11-27-11-14-03.mat
Applying heuristic filter to optimal ZUPT detector "vicon" for correct stride detection.
Detected 10/12 strides in the experiment 30.
Applying stride detection to the combined zero velocity detection results for experiment 30.
Detected 12/12 strides detected with the combined ZV detector in the experiment 30.
Processing file: data/vicon/processed\2017-11-27-11-14-52.mat
Processing vicon detector for file: data/vicon/processed\2017-11-27-11-14-52.mat
Applying heuristic filter to optimal ZUPT detector "vicon" for correct stride detection.
Detected 13/13 strides in the experiment 31.
Processing file: data/vicon/processed\2017-11-27-11-17-28.mat
Processing shoe detector for file: data/vicon/processed\2017-11-27-11-17-28.mat
Applying heuristic filter to optimal ZUPT detector "shoe" for correct stride detection.
Detected 23/26 strides in the experiment 32.
Applying stride detection to the combined zero velocity detection results for experiment 32.
Detected 26/26 strides detected with the combined ZV detector in the experiment 32.
Processing file: data/vicon/processed\2017-11-27-11-18-11.mat
Processing shoe detector for file: data/vicon/processed\2017-11-27-11-18-11.mat
Applying heuristic filter to optimal ZUPT detector "shoe" for correct stride detection.
Detected 34/34 strides in the experiment 33.
Processing file: data/vicon/processed\2017-11-27-11-19-16.mat
Processing vicon detector for file: data/vicon/processed\2017-11-27-11-19-16.mat
Applying heuristic filter to optimal ZUPT detector "vicon" for correct stride detection.
Detected 25/25 strides in the experiment 34.
Processing file: data/vicon/processed\2017-11-27-11-22-22.mat
Processing vicon detector for file: data/vicon/processed\2017-11-27-11-22-22.mat
Applying heuristic filter to optimal ZUPT detector "vicon" for correct stride detection.
Detected 24/24 strides in the experiment 35.
Processing file: data/vicon/processed\2017-11-27-11-23-18.mat
Processing shoe detector for file: data/vicon/processed\2017-11-27-11-23-18.mat
Applying heuristic filter to optimal ZUPT detector "shoe" for correct stride detection.
Detected 23/24 strides in the experiment 36.
Applying stride detection to the combined zero velocity detection results for experiment 36.
Detected 24/24 strides detected with the combined ZV detector in the experiment 36.
Processing file: data/vicon/processed\2017-11-27-11-24-07.mat
Processing shoe detector for file: data/vicon/processed\2017-11-27-11-24-07.mat
Applying heuristic filter to optimal ZUPT detector "shoe" for correct stride detection.
Detected 43/43 strides in the experiment 37.
Processing file: data/vicon/processed\2017-11-27-11-25-12.mat
Processing shoe detector for file: data/vicon/processed\2017-11-27-11-25-12.mat
Applying heuristic filter to optimal ZUPT detector "shoe" for correct stride detection.
Detected 39/42 strides in the experiment 38.
Applying stride detection to the combined zero velocity detection results for experiment 38.
Detected 42/42 strides detected with the combined ZV detector in the experiment 38.
Processing file: data/vicon/processed\2017-12-15-17-59-19.mat
Processing shoe detector for file: data/vicon/processed\2017-12-15-17-59-19.mat
Applying heuristic filter to optimal ZUPT detector "shoe" for correct stride detection.
Detected 15/15 strides in the experiment 39.
Processing file: data/vicon/processed\2017-12-15-17-59-50.mat
Processing ared detector for file: data/vicon/processed\2017-12-15-17-59-50.mat
Applying heuristic filter to optimal ZUPT detector "ared" for correct stride detection.
Detected 12/12 strides in the experiment 40.
Processing file: data/vicon/processed\2017-12-15-18-00-13.mat
Processing shoe detector for file: data/vicon/processed\2017-12-15-18-00-13.mat
Applying heuristic filter to optimal ZUPT detector "shoe" for correct stride detection.
Detected 13/13 strides in the experiment 41.
Processing file: data/vicon/processed\2017-12-15-18-00-40.mat
Processing shoe detector for file: data/vicon/processed\2017-12-15-18-00-40.mat
Applying heuristic filter to optimal ZUPT detector "shoe" for correct stride detection.
Detected 14/14 strides in the experiment 42.
Processing file: data/vicon/processed\2017-12-15-18-01-18.mat
Processing ared detector for file: data/vicon/processed\2017-12-15-18-01-18.mat
Applying heuristic filter to optimal ZUPT detector "ared" for correct stride detection.
Detected 21/24 strides in the experiment 43.
Applying stride detection to the combined zero velocity detection results for experiment 43.
Detected 24/24 strides detected with the combined ZV detector in the experiment 43.
Processing file: data/vicon/processed\2017-12-15-18-01-51.mat
Processing shoe detector for file: data/vicon/processed\2017-12-15-18-01-51.mat
Applying heuristic filter to optimal ZUPT detector "shoe" for correct stride detection.
Detected 27/27 strides in the experiment 44.
Processing file: data/vicon/processed\2017-12-15-18-02-28.mat
Processing shoe detector for file: data/vicon/processed\2017-12-15-18-02-28.mat
Applying heuristic filter to optimal ZUPT detector "shoe" for correct stride detection.
Detected 25/25 strides in the experiment 45.
Processing file: data/vicon/processed\2017-12-15-18-03-05.mat
Processing shoe detector for file: data/vicon/processed\2017-12-15-18-03-05.mat
Applying heuristic filter to optimal ZUPT detector "shoe" for correct stride detection.
Detected 26/26 strides in the experiment 46.
Processing file: data/vicon/processed\2018-02-09-11-19-39.mat
Processing shoe detector for file: data/vicon/processed\2018-02-09-11-19-39.mat
Applying heuristic filter to optimal ZUPT detector "shoe" for correct stride detection.
Detected 17/13 strides in the experiment 49.
Applying stride detection to the combined zero velocity detection results for experiment 49.
Detected 13/13 strides detected with the combined ZV detector in the experiment 49.
Processing file: data/vicon/processed\2018-02-09-11-29-43.mat
Processing vicon detector for file: data/vicon/processed\2018-02-09-11-29-43.mat
Applying heuristic filter to optimal ZUPT detector "vicon" for correct stride detection.
Detected 33/33 strides in the experiment 51.
Processing file: data/vicon/processed\2018-02-09-11-32-01.mat
Processing shoe detector for file: data/vicon/processed\2018-02-09-11-32-01.mat
Applying heuristic filter to optimal ZUPT detector "shoe" for correct stride detection.
Detected 26/26 strides in the experiment 52.
Processing file: data/vicon/processed\2018-02-22-10-08-52.mat
Processing vicon detector for file: data/vicon/processed\2018-02-22-10-08-52.mat
Applying heuristic filter to optimal ZUPT detector "vicon" for correct stride detection.
Detected 16/16 strides in the experiment 53.
Processing file: data/vicon/processed\2018-02-22-10-09-36.mat
Processing shoe detector for file: data/vicon/processed\2018-02-22-10-09-36.mat
Applying heuristic filter to optimal ZUPT detector "shoe" for correct stride detection.
Detected 16/16 strides in the experiment 54.
Processing file: data/vicon/processed\2018-02-22-10-10-56.mat
Processing vicon detector for file: data/vicon/processed\2018-02-22-10-10-56.mat
Applying heuristic filter to optimal ZUPT detector "vicon" for correct stride detection.
Detected 9/9 strides in the experiment 56.
Processing complete for all files.
Processing file: data/vicon/processed\2017-11-22-11-22-03.mat
Processing shoe detector for file: data/vicon/processed\2017-11-22-11-22-03.mat
Applying heuristic filter to optimal ZUPT detector "shoe" for correct stride detection.
Detected 22/22 strides in the experiment 1.
Processing file: data/vicon/processed\2017-11-22-11-22-03.mat
Processing shoe detector for file: data/vicon/processed\2017-11-22-11-22-03.mat
Applying heuristic filter to optimal ZUPT detector "shoe" for correct stride detection.
Detected 22/22 strides in the experiment 1.
Processing file: data/vicon/processed\2017-11-22-11-22-03.mat
Processing shoe detector for file: data/vicon/processed\2017-11-22-11-22-03.mat
Applying heuristic filter to optimal ZUPT detector "shoe" for correct stride detection.
Detected 22/22 strides in the experiment 1.
Processing file: data/vicon/processed\2017-11-22-11-22-46.mat
Processing ared detector for file: data/vicon/processed\2017-11-22-11-22-46.mat
Applying heuristic filter to optimal ZUPT detector "ared" for correct stride detection.
Detected 21/21 strides in the experiment 2.
Processing file: data/vicon/processed\2017-11-22-11-23-25.mat
Processing shoe detector for file: data/vicon/processed\2017-11-22-11-23-25.mat
Applying heuristic filter to optimal ZUPT detector "shoe" for correct stride detection.
Detected 21/21 strides in the experiment 3.
Processing file: data/vicon/processed\2017-11-22-11-25-20.mat
Processing shoe detector for file: data/vicon/processed\2017-11-22-11-25-20.mat
Applying heuristic filter to optimal ZUPT detector "shoe" for correct stride detection.
Detected 17/18 strides in the experiment 4.
Applying stride detection to the combined zero velocity detection results for experiment 4.
Detected 18/18 strides detected with the combined ZV detector in the experiment 4.
Processing file: data/vicon/processed\2017-11-22-11-22-03.mat
Processing shoe detector for file: data/vicon/processed\2017-11-22-11-22-03.mat
Applying heuristic filter to optimal ZUPT detector "shoe" for correct stride detection.
Detected 22/22 strides in the experiment 1.
Processing file: data/vicon/processed\2017-11-22-11-22-03.mat
Processing shoe detector for file: data/vicon/processed\2017-11-22-11-22-03.mat
Applying heuristic filter to optimal ZUPT detector "shoe" for correct stride detection.
Detected 22/22 strides in the experiment 1.
Processing file: data/vicon/processed\2017-11-22-11-22-46.mat
Processing ared detector for file: data/vicon/processed\2017-11-22-11-22-46.mat
Applying heuristic filter to optimal ZUPT detector "ared" for correct stride detection.
Detected 21/21 strides in the experiment 2.
Processing file: data/vicon/processed\2017-11-22-11-23-25.mat
Processing shoe detector for file: data/vicon/processed\2017-11-22-11-23-25.mat
Applying heuristic filter to optimal ZUPT detector "shoe" for correct stride detection.
Detected 21/21 strides in the experiment 3.
===================================================================================================================
Processing file data/vicon/processed\2017-11-22-11-22-03.mat
Processing shoe detector for file data/vicon/processed\2017-11-22-11-22-03.mat
Applying heuristic filter to optimal ZUPT detector SHOE for correct stride detection.
Detected 22/22 strides with (filtered) optimal detector <built-in method upper of str object at 0x000002C548075EA0> in experiment 1.
===================================================================================================================
Processing file data/vicon/processed\2017-11-22-11-22-46.mat
Processing ared detector for file data/vicon/processed\2017-11-22-11-22-46.mat
Applying heuristic filter to optimal ZUPT detector ARED for correct stride detection.
Detected 21/21 strides with (filtered) optimal detector <built-in method upper of str object at 0x000002C548075ED8> in experiment 2.
===================================================================================================================
Processing file data/vicon/processed\2017-11-22-11-23-25.mat
Processing shoe detector for file data/vicon/processed\2017-11-22-11-23-25.mat
===================================================================================================================
Processing file data/vicon/processed\2017-11-22-11-22-03.mat
Processing shoe detector for file data/vicon/processed\2017-11-22-11-22-03.mat
Applying heuristic filter to optimal ZUPT detector SHOE for correct stride detection.
Detected 22/22 strides with (filtered) optimal detector <built-in method upper of str object at 0x00000246732F5ED8> in experiment 1.
===================================================================================================================
Processing file data/vicon/processed\2017-11-22-11-22-46.mat
Processing ared detector for file data/vicon/processed\2017-11-22-11-22-46.mat
Applying heuristic filter to optimal ZUPT detector ARED for correct stride detection.
Detected 21/21 strides with (filtered) optimal detector <built-in method upper of str object at 0x00000246732F5F10> in experiment 2.
===================================================================================================================
Processing file data/vicon/processed\2017-11-22-11-23-25.mat
Processing shoe detector for file data/vicon/processed\2017-11-22-11-23-25.mat
Applying heuristic filter to optimal ZUPT detector SHOE for correct stride detection.
Detected 21/21 strides with (filtered) optimal detector <built-in method upper of str object at 0x00000246732F5ED8> in experiment 3.
===================================================================================================================
Processing file data/vicon/processed\2017-11-22-11-25-20.mat
Processing shoe detector for file data/vicon/processed\2017-11-22-11-25-20.mat
===================================================================================================================
Processing file data/vicon/processed\2017-11-22-11-22-03.mat
Processing shoe detector for file data/vicon/processed\2017-11-22-11-22-03.mat
Applying heuristic filter to optimal ZUPT detector SHOE for correct stride detection.
Detected 22/22 strides with (filtered) optimal detector <built-in method upper of str object at 0x0000028AC5615EA0> in experiment 1.
===================================================================================================================
Processing file data/vicon/processed\2017-11-22-11-22-46.mat
Processing ared detector for file data/vicon/processed\2017-11-22-11-22-46.mat
Applying heuristic filter to optimal ZUPT detector ARED for correct stride detection.
Detected 21/21 strides with (filtered) optimal detector <built-in method upper of str object at 0x0000028AC5615ED8> in experiment 2.
===================================================================================================================
Processing file data/vicon/processed\2017-11-22-11-23-25.mat
Processing shoe detector for file data/vicon/processed\2017-11-22-11-23-25.mat
===================================================================================================================
Processing file data/vicon/processed\2017-11-22-11-22-03.mat
Processing shoe detector for file data/vicon/processed\2017-11-22-11-22-03.mat
Applying heuristic filter to optimal ZUPT detector SHOE for correct stride detection.
Detected 22/22 strides with (filtered) optimal detector <built-in method upper of str object at 0x000002C586315EA0> in experiment 1.
===================================================================================================================
Processing file data/vicon/processed\2017-11-22-11-22-46.mat
Processing ared detector for file data/vicon/processed\2017-11-22-11-22-46.mat
Applying heuristic filter to optimal ZUPT detector ARED for correct stride detection.
Detected 21/21 strides with (filtered) optimal detector <built-in method upper of str object at 0x000002C586315ED8> in experiment 2.
===================================================================================================================
Processing file data/vicon/processed\2017-11-22-11-23-25.mat
Processing shoe detector for file data/vicon/processed\2017-11-22-11-23-25.mat
Applying heuristic filter to optimal ZUPT detector SHOE for correct stride detection.
Detected 21/21 strides with (filtered) optimal detector <built-in method upper of str object at 0x000002C586315EA0> in experiment 3.
===================================================================================================================
Processing file data/vicon/processed\2017-11-22-11-25-20.mat
Processing shoe detector for file data/vicon/processed\2017-11-22-11-25-20.mat
Applying heuristic filter to optimal ZUPT detector SHOE for correct stride detection.
Detected 17/18 strides with (filtered) optimal detector <built-in method upper of str object at 0x000002C586315EA0> in experiment 4.
Applying stride detection to the combined zero velocity detection results for experiment 4.
Detected 18/18 strides detected with the combined ZV detector in the experiment 4.
===================================================================================================================
Processing file data/vicon/processed\2017-11-22-11-26-05.mat
Processing shoe detector for file data/vicon/processed\2017-11-22-11-26-05.mat
Applying heuristic filter to optimal ZUPT detector SHOE for correct stride detection.
Detected 26/26 strides with (filtered) optimal detector <built-in method upper of str object at 0x000002C586315EA0> in experiment 5.
===================================================================================================================
Processing file data/vicon/processed\2017-11-22-11-26-46.mat
Processing ared detector for file data/vicon/processed\2017-11-22-11-26-46.mat
Applying heuristic filter to optimal ZUPT detector ARED for correct stride detection.
Detected 23/24 strides with (filtered) optimal detector <built-in method upper of str object at 0x000002C586315ED8> in experiment 6.
Applying stride detection to the combined zero velocity detection results for experiment 6.
Detected 24/24 strides detected with the combined ZV detector in the experiment 6.
===================================================================================================================
Processing file data/vicon/processed\2017-11-22-11-27-30.mat
Processing shoe detector for file data/vicon/processed\2017-11-22-11-27-30.mat
Applying heuristic filter to optimal ZUPT detector SHOE for correct stride detection.
Detected 18/18 strides with (filtered) optimal detector <built-in method upper of str object at 0x000002C586315EA0> in experiment 7.
===================================================================================================================
Processing file data/vicon/processed\2017-11-22-11-28-03.mat
Processing shoe detector for file data/vicon/processed\2017-11-22-11-28-03.mat
Applying heuristic filter to optimal ZUPT detector SHOE for correct stride detection.
Detected 20/20 strides with (filtered) optimal detector <built-in method upper of str object at 0x000002C586315EA0> in experiment 8.
===================================================================================================================
Processing file data/vicon/processed\2017-11-22-11-28-39.mat
Processing vicon detector for file data/vicon/processed\2017-11-22-11-28-39.mat
Applying heuristic filter to optimal ZUPT detector VICON for correct stride detection.
Detected 28/28 strides with (filtered) optimal detector <built-in method upper of str object at 0x000002C58642C0A0> in experiment 9.
===================================================================================================================
Processing file data/vicon/processed\2017-11-22-11-30-14.mat
Processing shoe detector for file data/vicon/processed\2017-11-22-11-30-14.mat
Applying heuristic filter to optimal ZUPT detector SHOE for correct stride detection.
Detected 35/35 strides with (filtered) optimal detector <built-in method upper of str object at 0x000002C586315EA0> in experiment 10.
===================================================================================================================
Processing file data/vicon/processed\2017-11-22-11-35-59.mat
Processing shoe detector for file data/vicon/processed\2017-11-22-11-35-59.mat
Applying heuristic filter to optimal ZUPT detector SHOE for correct stride detection.
Detected 28/29 strides with (filtered) optimal detector <built-in method upper of str object at 0x000002C586315EA0> in experiment 11.
Applying stride detection to the combined zero velocity detection results for experiment 11.
Detected 29/29 strides detected with the combined ZV detector in the experiment 11.
===================================================================================================================
Processing file data/vicon/processed\2017-11-22-11-36-45.mat
Processing vicon detector for file data/vicon/processed\2017-11-22-11-36-45.mat
Applying heuristic filter to optimal ZUPT detector VICON for correct stride detection.
Detected 22/22 strides with (filtered) optimal detector <built-in method upper of str object at 0x000002C58642C0A0> in experiment 12.
===================================================================================================================
Processing file data/vicon/processed\2017-11-22-11-38-45.mat
Processing shoe detector for file data/vicon/processed\2017-11-22-11-38-45.mat
Applying heuristic filter to optimal ZUPT detector SHOE for correct stride detection.
Detected 34/34 strides with (filtered) optimal detector <built-in method upper of str object at 0x000002C586315EA0> in experiment 14.
===================================================================================================================
Processing file data/vicon/processed\2017-11-22-11-39-47.mat
Processing vicon detector for file data/vicon/processed\2017-11-22-11-39-47.mat
Applying heuristic filter to optimal ZUPT detector VICON for correct stride detection.
Detected 24/24 strides with (filtered) optimal detector <built-in method upper of str object at 0x000002C58642C0A0> in experiment 15.
===================================================================================================================
Processing file data/vicon/processed\2017-11-22-11-40-44.mat
Processing ared detector for file data/vicon/processed\2017-11-22-11-40-44.mat
Applying heuristic filter to optimal ZUPT detector ARED for correct stride detection.
Detected 36/36 strides with (filtered) optimal detector <built-in method upper of str object at 0x000002C586315ED8> in experiment 16.
===================================================================================================================
Processing file data/vicon/processed\2017-11-22-11-44-47.mat
Processing shoe detector for file data/vicon/processed\2017-11-22-11-44-47.mat
Applying heuristic filter to optimal ZUPT detector SHOE for correct stride detection.
Detected 20/20 strides with (filtered) optimal detector <built-in method upper of str object at 0x000002C586315EA0> in experiment 17.
===================================================================================================================
Processing file data/vicon/processed\2017-11-22-11-48-35.mat
Processing shoe detector for file data/vicon/processed\2017-11-22-11-48-35.mat
Applying heuristic filter to optimal ZUPT detector SHOE for correct stride detection.
Detected 14/15 strides with (filtered) optimal detector <built-in method upper of str object at 0x000002C586315EA0> in experiment 18.
Applying stride detection to the combined zero velocity detection results for experiment 18.
Detected 15/15 strides detected with the combined ZV detector in the experiment 18.
===================================================================================================================
Processing file data/vicon/processed\2017-11-22-11-49-03.mat
Processing ared detector for file data/vicon/processed\2017-11-22-11-49-03.mat
Applying heuristic filter to optimal ZUPT detector ARED for correct stride detection.
Detected 10/10 strides with (filtered) optimal detector <built-in method upper of str object at 0x000002C586315ED8> in experiment 19.
===================================================================================================================
Processing file data/vicon/processed\2017-11-22-11-49-29.mat
Processing vicon detector for file data/vicon/processed\2017-11-22-11-49-29.mat
Applying heuristic filter to optimal ZUPT detector VICON for correct stride detection.
Detected 33/33 strides with (filtered) optimal detector <built-in method upper of str object at 0x000002C58642C0A0> in experiment 20.
===================================================================================================================
Processing file data/vicon/processed\2017-11-22-11-50-42.mat
Processing shoe detector for file data/vicon/processed\2017-11-22-11-50-42.mat
Applying heuristic filter to optimal ZUPT detector SHOE for correct stride detection.
Detected 22/22 strides with (filtered) optimal detector <built-in method upper of str object at 0x000002C586315EA0> in experiment 21.
===================================================================================================================
Processing file data/vicon/processed\2017-11-22-11-51-23.mat
Processing shoe detector for file data/vicon/processed\2017-11-22-11-51-23.mat
Applying heuristic filter to optimal ZUPT detector SHOE for correct stride detection.
Detected 19/19 strides with (filtered) optimal detector <built-in method upper of str object at 0x000002C586315EA0> in experiment 22.
===================================================================================================================
Processing file data/vicon/processed\2017-11-22-11-52-02.mat
Processing vicon detector for file data/vicon/processed\2017-11-22-11-52-02.mat
Applying heuristic filter to optimal ZUPT detector VICON for correct stride detection.
Detected 13/13 strides with (filtered) optimal detector <built-in method upper of str object at 0x000002C58642C0A0> in experiment 23.
===================================================================================================================
Processing file data/vicon/processed\2017-11-27-11-11-24.mat
Processing shoe detector for file data/vicon/processed\2017-11-27-11-11-24.mat
Applying heuristic filter to optimal ZUPT detector SHOE for correct stride detection.
Detected 16/16 strides with (filtered) optimal detector <built-in method upper of str object at 0x000002C586315EA0> in experiment 24.
===================================================================================================================
Processing file data/vicon/processed\2017-11-27-11-11-53.mat
Processing vicon detector for file data/vicon/processed\2017-11-27-11-11-53.mat
Applying heuristic filter to optimal ZUPT detector VICON for correct stride detection.
Detected 17/17 strides with (filtered) optimal detector <built-in method upper of str object at 0x000002C58642C0A0> in experiment 25.
===================================================================================================================
Processing file data/vicon/processed\2017-11-27-11-12-18.mat
Processing shoe detector for file data/vicon/processed\2017-11-27-11-12-18.mat
Applying heuristic filter to optimal ZUPT detector SHOE for correct stride detection.
Detected 21/21 strides with (filtered) optimal detector <built-in method upper of str object at 0x000002C586315EA0> in experiment 26.
===================================================================================================================
Processing file data/vicon/processed\2017-11-27-11-12-44.mat
Processing shoe detector for file data/vicon/processed\2017-11-27-11-12-44.mat
Applying heuristic filter to optimal ZUPT detector SHOE for correct stride detection.
Detected 16/20 strides with (filtered) optimal detector <built-in method upper of str object at 0x000002C586315EA0> in experiment 27.
Applying stride detection to the combined zero velocity detection results for experiment 27.
Detected 20/20 strides detected with the combined ZV detector in the experiment 27.
===================================================================================================================
Processing file data/vicon/processed\2017-11-27-11-13-10.mat
Processing shoe detector for file data/vicon/processed\2017-11-27-11-13-10.mat
Applying heuristic filter to optimal ZUPT detector SHOE for correct stride detection.
Detected 28/28 strides with (filtered) optimal detector <built-in method upper of str object at 0x000002C586315EA0> in experiment 28.
===================================================================================================================
Processing file data/vicon/processed\2017-11-27-11-13-41.mat
Processing vicon detector for file data/vicon/processed\2017-11-27-11-13-41.mat
Applying heuristic filter to optimal ZUPT detector VICON for correct stride detection.
Detected 18/18 strides with (filtered) optimal detector <built-in method upper of str object at 0x000002C58642C0A0> in experiment 29.
===================================================================================================================
Processing file data/vicon/processed\2017-11-27-11-14-03.mat
Processing vicon detector for file data/vicon/processed\2017-11-27-11-14-03.mat
Applying heuristic filter to optimal ZUPT detector VICON for correct stride detection.
Detected 10/12 strides with (filtered) optimal detector <built-in method upper of str object at 0x000002C58642C0A0> in experiment 30.
Applying stride detection to the combined zero velocity detection results for experiment 30.
Detected 12/12 strides detected with the combined ZV detector in the experiment 30.
===================================================================================================================
Processing file data/vicon/processed\2017-11-27-11-14-52.mat
Processing vicon detector for file data/vicon/processed\2017-11-27-11-14-52.mat
Applying heuristic filter to optimal ZUPT detector VICON for correct stride detection.
Detected 13/13 strides with (filtered) optimal detector <built-in method upper of str object at 0x000002C58642C0A0> in experiment 31.
===================================================================================================================
Processing file data/vicon/processed\2017-11-27-11-17-28.mat
Processing shoe detector for file data/vicon/processed\2017-11-27-11-17-28.mat
Applying heuristic filter to optimal ZUPT detector SHOE for correct stride detection.
Detected 23/26 strides with (filtered) optimal detector <built-in method upper of str object at 0x000002C586315EA0> in experiment 32.
Applying stride detection to the combined zero velocity detection results for experiment 32.
Detected 26/26 strides detected with the combined ZV detector in the experiment 32.
===================================================================================================================
Processing file data/vicon/processed\2017-11-27-11-18-11.mat
Processing shoe detector for file data/vicon/processed\2017-11-27-11-18-11.mat
Applying heuristic filter to optimal ZUPT detector SHOE for correct stride detection.
Detected 34/34 strides with (filtered) optimal detector <built-in method upper of str object at 0x000002C586315EA0> in experiment 33.
===================================================================================================================
Processing file data/vicon/processed\2017-11-27-11-19-16.mat
Processing vicon detector for file data/vicon/processed\2017-11-27-11-19-16.mat
Applying heuristic filter to optimal ZUPT detector VICON for correct stride detection.
Detected 25/25 strides with (filtered) optimal detector <built-in method upper of str object at 0x000002C58642C0A0> in experiment 34.
===================================================================================================================
Processing file data/vicon/processed\2017-11-27-11-22-22.mat
Processing vicon detector for file data/vicon/processed\2017-11-27-11-22-22.mat
Applying heuristic filter to optimal ZUPT detector VICON for correct stride detection.
Detected 24/24 strides with (filtered) optimal detector <built-in method upper of str object at 0x000002C58642C0A0> in experiment 35.
===================================================================================================================
Processing file data/vicon/processed\2017-11-27-11-23-18.mat
Processing shoe detector for file data/vicon/processed\2017-11-27-11-23-18.mat
Applying heuristic filter to optimal ZUPT detector SHOE for correct stride detection.
Detected 23/24 strides with (filtered) optimal detector <built-in method upper of str object at 0x000002C586315EA0> in experiment 36.
Applying stride detection to the combined zero velocity detection results for experiment 36.
Detected 24/24 strides detected with the combined ZV detector in the experiment 36.
===================================================================================================================
Processing file data/vicon/processed\2017-11-27-11-24-07.mat
Processing shoe detector for file data/vicon/processed\2017-11-27-11-24-07.mat
Applying heuristic filter to optimal ZUPT detector SHOE for correct stride detection.
Detected 43/43 strides with (filtered) optimal detector <built-in method upper of str object at 0x000002C586315EA0> in experiment 37.
===================================================================================================================
Processing file data/vicon/processed\2017-11-27-11-25-12.mat
Processing shoe detector for file data/vicon/processed\2017-11-27-11-25-12.mat
Applying heuristic filter to optimal ZUPT detector SHOE for correct stride detection.
Detected 39/42 strides with (filtered) optimal detector <built-in method upper of str object at 0x000002C586315EA0> in experiment 38.
Applying stride detection to the combined zero velocity detection results for experiment 38.
Detected 42/42 strides detected with the combined ZV detector in the experiment 38.
===================================================================================================================
Processing file data/vicon/processed\2017-12-15-17-59-19.mat
Processing shoe detector for file data/vicon/processed\2017-12-15-17-59-19.mat
Applying heuristic filter to optimal ZUPT detector SHOE for correct stride detection.
Detected 15/15 strides with (filtered) optimal detector <built-in method upper of str object at 0x000002C586315EA0> in experiment 39.
===================================================================================================================
Processing file data/vicon/processed\2017-12-15-17-59-50.mat
Processing ared detector for file data/vicon/processed\2017-12-15-17-59-50.mat
Applying heuristic filter to optimal ZUPT detector ARED for correct stride detection.
Detected 12/12 strides with (filtered) optimal detector <built-in method upper of str object at 0x000002C586315ED8> in experiment 40.
===================================================================================================================
Processing file data/vicon/processed\2017-12-15-18-00-13.mat
Processing shoe detector for file data/vicon/processed\2017-12-15-18-00-13.mat
Applying heuristic filter to optimal ZUPT detector SHOE for correct stride detection.
Detected 13/13 strides with (filtered) optimal detector <built-in method upper of str object at 0x000002C586315EA0> in experiment 41.
===================================================================================================================
Processing file data/vicon/processed\2017-12-15-18-00-40.mat
Processing shoe detector for file data/vicon/processed\2017-12-15-18-00-40.mat
Applying heuristic filter to optimal ZUPT detector SHOE for correct stride detection.
Detected 14/14 strides with (filtered) optimal detector <built-in method upper of str object at 0x000002C586315EA0> in experiment 42.
===================================================================================================================
Processing file data/vicon/processed\2017-12-15-18-01-18.mat
Processing ared detector for file data/vicon/processed\2017-12-15-18-01-18.mat
Applying heuristic filter to optimal ZUPT detector ARED for correct stride detection.
Detected 21/24 strides with (filtered) optimal detector <built-in method upper of str object at 0x000002C586315ED8> in experiment 43.
Applying stride detection to the combined zero velocity detection results for experiment 43.
Detected 24/24 strides detected with the combined ZV detector in the experiment 43.
===================================================================================================================
Processing file data/vicon/processed\2017-12-15-18-01-51.mat
Processing shoe detector for file data/vicon/processed\2017-12-15-18-01-51.mat
Applying heuristic filter to optimal ZUPT detector SHOE for correct stride detection.
Detected 27/27 strides with (filtered) optimal detector <built-in method upper of str object at 0x000002C586315EA0> in experiment 44.
===================================================================================================================
Processing file data/vicon/processed\2017-12-15-18-02-28.mat
Processing shoe detector for file data/vicon/processed\2017-12-15-18-02-28.mat
Applying heuristic filter to optimal ZUPT detector SHOE for correct stride detection.
Detected 25/25 strides with (filtered) optimal detector <built-in method upper of str object at 0x000002C586315EA0> in experiment 45.
===================================================================================================================
Processing file data/vicon/processed\2017-12-15-18-03-05.mat
Processing shoe detector for file data/vicon/processed\2017-12-15-18-03-05.mat
Applying heuristic filter to optimal ZUPT detector SHOE for correct stride detection.
Detected 26/26 strides with (filtered) optimal detector <built-in method upper of str object at 0x000002C586315EA0> in experiment 46.
===================================================================================================================
Processing file data/vicon/processed\2018-02-09-11-19-39.mat
Processing shoe detector for file data/vicon/processed\2018-02-09-11-19-39.mat
Applying heuristic filter to optimal ZUPT detector SHOE for correct stride detection.
Detected 17/13 strides with (filtered) optimal detector <built-in method upper of str object at 0x000002C586315EA0> in experiment 49.
Applying stride detection to the combined zero velocity detection results for experiment 49.
Detected 13/13 strides detected with the combined ZV detector in the experiment 49.
===================================================================================================================
Processing file data/vicon/processed\2018-02-09-11-29-43.mat
Processing vicon detector for file data/vicon/processed\2018-02-09-11-29-43.mat
Applying heuristic filter to optimal ZUPT detector VICON for correct stride detection.
Detected 33/33 strides with (filtered) optimal detector <built-in method upper of str object at 0x000002C58642C0A0> in experiment 51.
===================================================================================================================
Processing file data/vicon/processed\2018-02-09-11-32-01.mat
Processing shoe detector for file data/vicon/processed\2018-02-09-11-32-01.mat
Applying heuristic filter to optimal ZUPT detector SHOE for correct stride detection.
Detected 26/26 strides with (filtered) optimal detector <built-in method upper of str object at 0x000002C586315EA0> in experiment 52.
===================================================================================================================
Processing file data/vicon/processed\2018-02-22-10-08-52.mat
Processing vicon detector for file data/vicon/processed\2018-02-22-10-08-52.mat
Applying heuristic filter to optimal ZUPT detector VICON for correct stride detection.
Detected 16/16 strides with (filtered) optimal detector <built-in method upper of str object at 0x000002C58642C0A0> in experiment 53.
===================================================================================================================
Processing file data/vicon/processed\2018-02-22-10-09-36.mat
Processing shoe detector for file data/vicon/processed\2018-02-22-10-09-36.mat
Applying heuristic filter to optimal ZUPT detector SHOE for correct stride detection.
Detected 16/16 strides with (filtered) optimal detector <built-in method upper of str object at 0x000002C586315EA0> in experiment 54.
===================================================================================================================
Processing file data/vicon/processed\2018-02-22-10-10-56.mat
Processing vicon detector for file data/vicon/processed\2018-02-22-10-10-56.mat
Applying heuristic filter to optimal ZUPT detector VICON for correct stride detection.
Detected 9/9 strides with (filtered) optimal detector <built-in method upper of str object at 0x000002C58642C0A0> in experiment 56.
Processing complete for all files.
